Namespace(aux_data_dir='/content/drive/MyDrive/inversecooking/data', batch_size=100, beam=-1, crop_size=224, decay_lr=True, dropout_decoder_i=0.3, dropout_decoder_r=0.3, dropout_encoder=0.3, embed_size=512, es_metric='iou_sample', eval_split='val', finetune_after=0, get_perplexity=False, greedy=False, image_model='resnet50', image_size=256, ingrs_only=True, label_smoothing_ingr=0.1, learning_rate=0.0001, log_step=10, log_term=False, loss_weight=[0.0, 1000.0, 1.0, 1.0], lr_decay_every=1, lr_decay_rate=0.99, max_eval=4096, maxnumims=5, maxnuminstrs=10, maxnumlabels=20, maxseqlen=15, model_name='im2ingr', n_att=8, n_att_ingrs=4, num_epochs=25, num_workers=8, numgens=3, patience=50, project_name='inversecooking', recipe1m_dir='/content/drive/MyDrive/inversecooking/dataset_path', recipe_only=False, resume=False, save_dir='../checkpoints', scale_learning_rate_cnn=1.0, suff='', temperature=1.0, tensorboard=True, transf_layers=16, transf_layers_ingrs=4, transfer_from='', use_lmdb=True, use_true_ingrs=False, weight_decay=0.0)
split: train, args.max_eval: 4096, args.batch_size: 100 
-1
split: val, args.max_eval: 4096, args.batch_size: 100 
4096
CNN params: 23508032
decoder params: 12151346
Fine tuning resnet
Epoch 0. lr: 0.00010
Split: train, Epoch [0/25], Step [0/123], Losses: ingr_loss: 0.0782, eos_loss: 3.2046, loss: 91.9757, iou: 0.0053, card_penalty: 10.6204, Time: 5.9610
Split: train, Epoch [0/25], Step [10/123], Losses: ingr_loss: 0.0674, eos_loss: 2.2874, loss: 79.8823, iou: 0.1060, card_penalty: 10.2306, Time: 9.2721
Split: train, Epoch [0/25], Step [20/123], Losses: ingr_loss: 0.0597, eos_loss: 1.7367, loss: 71.1445, iou: 0.1798, card_penalty: 9.7013, Time: 9.8123
Split: train, Epoch [0/25], Step [30/123], Losses: ingr_loss: 0.0578, eos_loss: 1.6949, loss: 69.1070, iou: 0.1820, card_penalty: 9.6591, Time: 9.5501
Split: train, Epoch [0/25], Step [40/123], Losses: ingr_loss: 0.0569, eos_loss: 1.6870, loss: 68.2217, iou: 0.1806, card_penalty: 9.6467, Time: 9.5852
Split: train, Epoch [0/25], Step [50/123], Losses: ingr_loss: 0.0564, eos_loss: 1.6606, loss: 67.6952, iou: 0.1827, card_penalty: 9.6499, Time: 9.5881
Split: train, Epoch [0/25], Step [60/123], Losses: ingr_loss: 0.0552, eos_loss: 1.6071, loss: 66.3061, iou: 0.1791, card_penalty: 9.4650, Time: 9.4194
Split: train, Epoch [0/25], Step [70/123], Losses: ingr_loss: 0.0542, eos_loss: 1.6369, loss: 65.2013, iou: 0.1830, card_penalty: 9.3909, Time: 9.6738
Split: train, Epoch [0/25], Step [80/123], Losses: ingr_loss: 0.0547, eos_loss: 1.6104, loss: 65.8309, iou: 0.1899, card_penalty: 9.5463, Time: 9.3990
Split: train, Epoch [0/25], Step [90/123], Losses: ingr_loss: 0.0551, eos_loss: 1.6360, loss: 66.4557, iou: 0.1969, card_penalty: 9.6754, Time: 9.5267
Split: train, Epoch [0/25], Step [100/123], Losses: ingr_loss: 0.0538, eos_loss: 1.5838, loss: 65.0028, iou: 0.2133, card_penalty: 9.6007, Time: 9.6704
Split: train, Epoch [0/25], Step [110/123], Losses: ingr_loss: 0.0530, eos_loss: 1.6252, loss: 64.0899, iou: 0.2104, card_penalty: 9.4729, Time: 9.5596
Split: train, Epoch [0/25], Step [120/123], Losses: ingr_loss: 0.0524, eos_loss: 1.5744, loss: 63.3646, iou: 0.2138, card_penalty: 9.4000, Time: 9.1541
Split: val, Epoch [0/25], Step [0/14], Losses: ingr_loss: 0.0538, eos_loss: 1.3030, loss: 63.6846, iou: 0.2255, iou_sample: 0.2419, card_penalty: 8.5990, Time: 2.9138
Split: val, Epoch [0/25], Step [10/14], Losses: ingr_loss: 0.0555, eos_loss: 1.2929, loss: 65.6076, iou: 0.2193, iou_sample: 0.2418, card_penalty: 8.7841, Time: 7.4772
Saved checkpoint.
Epoch 1. lr: 0.00010
Split: train, Epoch [1/25], Step [0/123], Losses: ingr_loss: 0.0509, eos_loss: 1.6284, loss: 61.6828, iou: 0.2105, card_penalty: 9.1653, Time: 2.1415
Split: train, Epoch [1/25], Step [10/123], Losses: ingr_loss: 0.0526, eos_loss: 1.6067, loss: 63.7004, iou: 0.2128, card_penalty: 9.4827, Time: 9.8418
Split: train, Epoch [1/25], Step [20/123], Losses: ingr_loss: 0.0517, eos_loss: 1.5886, loss: 62.6229, iou: 0.2110, card_penalty: 9.3602, Time: 9.5614
Split: train, Epoch [1/25], Step [30/123], Losses: ingr_loss: 0.0531, eos_loss: 1.5875, loss: 64.2480, iou: 0.2199, card_penalty: 9.5963, Time: 9.7940
Split: train, Epoch [1/25], Step [40/123], Losses: ingr_loss: 0.0518, eos_loss: 1.6005, loss: 62.7886, iou: 0.2181, card_penalty: 9.3988, Time: 9.5209
Split: train, Epoch [1/25], Step [50/123], Losses: ingr_loss: 0.0520, eos_loss: 1.5793, loss: 63.0152, iou: 0.2126, card_penalty: 9.4316, Time: 9.6296
Split: train, Epoch [1/25], Step [60/123], Losses: ingr_loss: 0.0511, eos_loss: 1.5669, loss: 62.0914, iou: 0.2265, card_penalty: 9.4183, Time: 9.5848
Split: train, Epoch [1/25], Step [70/123], Losses: ingr_loss: 0.0509, eos_loss: 1.5802, loss: 61.8379, iou: 0.2241, card_penalty: 9.3298, Time: 9.4216
Split: train, Epoch [1/25], Step [80/123], Losses: ingr_loss: 0.0512, eos_loss: 1.5460, loss: 62.1759, iou: 0.2245, card_penalty: 9.4033, Time: 9.2818
Split: train, Epoch [1/25], Step [90/123], Losses: ingr_loss: 0.0521, eos_loss: 1.5796, loss: 63.2045, iou: 0.2194, card_penalty: 9.4997, Time: 9.3564
Split: train, Epoch [1/25], Step [100/123], Losses: ingr_loss: 0.0517, eos_loss: 1.5888, loss: 62.7176, iou: 0.2082, card_penalty: 9.4309, Time: 9.5840
Split: train, Epoch [1/25], Step [110/123], Losses: ingr_loss: 0.0519, eos_loss: 1.5671, loss: 63.0094, iou: 0.2203, card_penalty: 9.5429, Time: 9.6599
Split: train, Epoch [1/25], Step [120/123], Losses: ingr_loss: 0.0513, eos_loss: 1.5831, loss: 62.4058, iou: 0.2234, card_penalty: 9.5028, Time: 9.3126
Split: val, Epoch [1/25], Step [0/14], Losses: ingr_loss: 0.0523, eos_loss: 1.2296, loss: 62.0268, iou: 0.2302, iou_sample: 0.2536, card_penalty: 8.4738, Time: 1.2698
Split: val, Epoch [1/25], Step [10/14], Losses: ingr_loss: 0.0544, eos_loss: 1.2001, loss: 64.2234, iou: 0.2363, iou_sample: 0.2589, card_penalty: 8.6499, Time: 7.4845
Saved checkpoint.
Epoch 2. lr: 0.00010
Split: train, Epoch [2/25], Step [0/123], Losses: ingr_loss: 0.0496, eos_loss: 1.5182, loss: 60.4198, iou: 0.2336, card_penalty: 9.2807, Time: 1.9771
Split: train, Epoch [2/25], Step [10/123], Losses: ingr_loss: 0.0503, eos_loss: 1.5525, loss: 61.1724, iou: 0.2243, card_penalty: 9.3032, Time: 9.8988
Split: train, Epoch [2/25], Step [20/123], Losses: ingr_loss: 0.0509, eos_loss: 1.5714, loss: 61.8524, iou: 0.2243, card_penalty: 9.4259, Time: 9.6435
Split: train, Epoch [2/25], Step [30/123], Losses: ingr_loss: 0.0509, eos_loss: 1.5362, loss: 61.8945, iou: 0.2314, card_penalty: 9.4769, Time: 9.4906
Split: train, Epoch [2/25], Step [40/123], Losses: ingr_loss: 0.0501, eos_loss: 1.5845, loss: 60.9400, iou: 0.2203, card_penalty: 9.2685, Time: 9.4630
Split: train, Epoch [2/25], Step [50/123], Losses: ingr_loss: 0.0508, eos_loss: 1.5250, loss: 61.6474, iou: 0.2173, card_penalty: 9.3604, Time: 9.4062
Split: train, Epoch [2/25], Step [60/123], Losses: ingr_loss: 0.0509, eos_loss: 1.6135, loss: 62.0111, iou: 0.2325, card_penalty: 9.5174, Time: 9.4235
Split: train, Epoch [2/25], Step [70/123], Losses: ingr_loss: 0.0502, eos_loss: 1.5346, loss: 61.1357, iou: 0.2273, card_penalty: 9.4055, Time: 9.4001
Split: train, Epoch [2/25], Step [80/123], Losses: ingr_loss: 0.0504, eos_loss: 1.5412, loss: 61.3129, iou: 0.2326, card_penalty: 9.4124, Time: 9.2737
Split: train, Epoch [2/25], Step [90/123], Losses: ingr_loss: 0.0511, eos_loss: 1.5956, loss: 62.2636, iou: 0.2149, card_penalty: 9.5387, Time: 9.4078
Split: train, Epoch [2/25], Step [100/123], Losses: ingr_loss: 0.0503, eos_loss: 1.5152, loss: 61.3391, iou: 0.2368, card_penalty: 9.5353, Time: 9.4451
Split: train, Epoch [2/25], Step [110/123], Losses: ingr_loss: 0.0508, eos_loss: 1.5656, loss: 61.9118, iou: 0.2298, card_penalty: 9.5875, Time: 9.3039
Split: train, Epoch [2/25], Step [120/123], Losses: ingr_loss: 0.0505, eos_loss: 1.5122, loss: 61.4214, iou: 0.2327, card_penalty: 9.4383, Time: 9.2969
Split: val, Epoch [2/25], Step [0/14], Losses: ingr_loss: 0.0528, eos_loss: 1.2010, loss: 62.5007, iou: 0.2260, iou_sample: 0.2411, card_penalty: 8.4553, Time: 1.3910
Split: val, Epoch [2/25], Step [10/14], Losses: ingr_loss: 0.0543, eos_loss: 1.2020, loss: 64.1134, iou: 0.2356, iou_sample: 0.2566, card_penalty: 8.6436, Time: 7.2030
Epoch 3. lr: 0.00010
Split: train, Epoch [3/25], Step [0/123], Losses: ingr_loss: 0.0485, eos_loss: 1.6110, loss: 59.1391, iou: 0.2263, card_penalty: 9.0082, Time: 2.1294
Split: train, Epoch [3/25], Step [10/123], Losses: ingr_loss: 0.0504, eos_loss: 1.5709, loss: 61.4576, iou: 0.2324, card_penalty: 9.4971, Time: 9.6366
Split: train, Epoch [3/25], Step [20/123], Losses: ingr_loss: 0.0498, eos_loss: 1.5396, loss: 60.6796, iou: 0.2287, card_penalty: 9.3588, Time: 9.4648
Split: train, Epoch [3/25], Step [30/123], Losses: ingr_loss: 0.0496, eos_loss: 1.5366, loss: 60.5168, iou: 0.2318, card_penalty: 9.3718, Time: 9.2184
Split: train, Epoch [3/25], Step [40/123], Losses: ingr_loss: 0.0500, eos_loss: 1.5795, loss: 60.9255, iou: 0.2316, card_penalty: 9.3828, Time: 9.3409
Split: train, Epoch [3/25], Step [50/123], Losses: ingr_loss: 0.0496, eos_loss: 1.5229, loss: 60.5359, iou: 0.2357, card_penalty: 9.3775, Time: 9.4114
Split: train, Epoch [3/25], Step [60/123], Losses: ingr_loss: 0.0494, eos_loss: 1.5428, loss: 60.2249, iou: 0.2305, card_penalty: 9.3071, Time: 9.3926
Split: train, Epoch [3/25], Step [70/123], Losses: ingr_loss: 0.0515, eos_loss: 1.5421, loss: 62.6935, iou: 0.2246, card_penalty: 9.6388, Time: 9.4944
Split: train, Epoch [3/25], Step [80/123], Losses: ingr_loss: 0.0497, eos_loss: 1.5382, loss: 60.6467, iou: 0.2257, card_penalty: 9.3858, Time: 9.2952
Split: train, Epoch [3/25], Step [90/123], Losses: ingr_loss: 0.0510, eos_loss: 1.4959, loss: 62.0731, iou: 0.2273, card_penalty: 9.5827, Time: 9.3465
Split: train, Epoch [3/25], Step [100/123], Losses: ingr_loss: 0.0490, eos_loss: 1.5603, loss: 59.9098, iou: 0.2337, card_penalty: 9.3236, Time: 9.4959
Split: train, Epoch [3/25], Step [110/123], Losses: ingr_loss: 0.0499, eos_loss: 1.4946, loss: 60.8067, iou: 0.2295, card_penalty: 9.4545, Time: 9.3310
Split: train, Epoch [3/25], Step [120/123], Losses: ingr_loss: 0.0502, eos_loss: 1.5810, loss: 61.2630, iou: 0.2235, card_penalty: 9.4936, Time: 9.1223
Split: val, Epoch [3/25], Step [0/14], Losses: ingr_loss: 0.0526, eos_loss: 1.2324, loss: 62.2368, iou: 0.2365, iou_sample: 0.2531, card_penalty: 8.3839, Time: 1.2875
Split: val, Epoch [3/25], Step [10/14], Losses: ingr_loss: 0.0542, eos_loss: 1.2169, loss: 63.9829, iou: 0.2371, iou_sample: 0.2552, card_penalty: 8.6021, Time: 7.4550
Epoch 4. lr: 0.00010
Split: train, Epoch [4/25], Step [0/123], Losses: ingr_loss: 0.0517, eos_loss: 1.5520, loss: 62.8209, iou: 0.2128, card_penalty: 9.6019, Time: 1.8888
Split: train, Epoch [4/25], Step [10/123], Losses: ingr_loss: 0.0495, eos_loss: 1.5191, loss: 60.4700, iou: 0.2391, card_penalty: 9.4338, Time: 9.6487
Split: train, Epoch [4/25], Step [20/123], Losses: ingr_loss: 0.0501, eos_loss: 1.5238, loss: 61.0660, iou: 0.2307, card_penalty: 9.4771, Time: 9.6289
Split: train, Epoch [4/25], Step [30/123], Losses: ingr_loss: 0.0486, eos_loss: 1.5469, loss: 59.4800, iou: 0.2372, card_penalty: 9.2942, Time: 9.3746
Split: train, Epoch [4/25], Step [40/123], Losses: ingr_loss: 0.0503, eos_loss: 1.5369, loss: 61.3330, iou: 0.2259, card_penalty: 9.4938, Time: 9.4858
Split: train, Epoch [4/25], Step [50/123], Losses: ingr_loss: 0.0495, eos_loss: 1.5342, loss: 60.4659, iou: 0.2310, card_penalty: 9.4396, Time: 9.4168
Split: train, Epoch [4/25], Step [60/123], Losses: ingr_loss: 0.0498, eos_loss: 1.5448, loss: 60.7808, iou: 0.2327, card_penalty: 9.4774, Time: 9.6312
Split: train, Epoch [4/25], Step [70/123], Losses: ingr_loss: 0.0498, eos_loss: 1.5149, loss: 60.7414, iou: 0.2251, card_penalty: 9.4326, Time: 9.5564
Split: train, Epoch [4/25], Step [80/123], Losses: ingr_loss: 0.0499, eos_loss: 1.5137, loss: 60.8928, iou: 0.2349, card_penalty: 9.4801, Time: 9.3823
Split: train, Epoch [4/25], Step [90/123], Losses: ingr_loss: 0.0493, eos_loss: 1.5508, loss: 60.3256, iou: 0.2312, card_penalty: 9.4425, Time: 9.6175
Split: train, Epoch [4/25], Step [100/123], Losses: ingr_loss: 0.0503, eos_loss: 1.5203, loss: 61.3739, iou: 0.2221, card_penalty: 9.5366, Time: 9.2989
Split: train, Epoch [4/25], Step [110/123], Losses: ingr_loss: 0.0491, eos_loss: 1.5207, loss: 59.9601, iou: 0.2262, card_penalty: 9.3835, Time: 9.2612
Split: train, Epoch [4/25], Step [120/123], Losses: ingr_loss: 0.0494, eos_loss: 1.5450, loss: 60.3462, iou: 0.2269, card_penalty: 9.4385, Time: 9.0916
Split: val, Epoch [4/25], Step [0/14], Losses: ingr_loss: 0.0523, eos_loss: 1.1872, loss: 61.8271, iou: 0.2364, iou_sample: 0.2461, card_penalty: 8.3769, Time: 1.4512
Split: val, Epoch [4/25], Step [10/14], Losses: ingr_loss: 0.0544, eos_loss: 1.1746, loss: 64.1496, iou: 0.2396, iou_sample: 0.2572, card_penalty: 8.5851, Time: 7.5915
Epoch 5. lr: 0.00010
Split: train, Epoch [5/25], Step [0/123], Losses: ingr_loss: 0.0493, eos_loss: 1.4446, loss: 60.3151, iou: 0.2469, card_penalty: 9.5690, Time: 1.8547
Split: train, Epoch [5/25], Step [10/123], Losses: ingr_loss: 0.0494, eos_loss: 1.5151, loss: 60.3726, iou: 0.2306, card_penalty: 9.4312, Time: 9.6984
Split: train, Epoch [5/25], Step [20/123], Losses: ingr_loss: 0.0496, eos_loss: 1.5279, loss: 60.6357, iou: 0.2328, card_penalty: 9.4685, Time: 9.5690
Split: train, Epoch [5/25], Step [30/123], Losses: ingr_loss: 0.0494, eos_loss: 1.5244, loss: 60.3300, iou: 0.2324, card_penalty: 9.4183, Time: 9.4926
Split: train, Epoch [5/25], Step [40/123], Losses: ingr_loss: 0.0501, eos_loss: 1.5185, loss: 61.1371, iou: 0.2302, card_penalty: 9.5388, Time: 9.2963
Split: train, Epoch [5/25], Step [50/123], Losses: ingr_loss: 0.0483, eos_loss: 1.5607, loss: 59.1483, iou: 0.2323, card_penalty: 9.2800, Time: 9.4719
Split: train, Epoch [5/25], Step [60/123], Losses: ingr_loss: 0.0497, eos_loss: 1.4744, loss: 60.6888, iou: 0.2281, card_penalty: 9.4658, Time: 9.3418
Split: train, Epoch [5/25], Step [70/123], Losses: ingr_loss: 0.0495, eos_loss: 1.5291, loss: 60.3940, iou: 0.2248, card_penalty: 9.3764, Time: 9.2934
Split: train, Epoch [5/25], Step [80/123], Losses: ingr_loss: 0.0500, eos_loss: 1.5364, loss: 61.1079, iou: 0.2293, card_penalty: 9.5824, Time: 9.5221
Split: train, Epoch [5/25], Step [90/123], Losses: ingr_loss: 0.0495, eos_loss: 1.5171, loss: 60.3954, iou: 0.2256, card_penalty: 9.4006, Time: 9.5346
Split: train, Epoch [5/25], Step [100/123], Losses: ingr_loss: 0.0498, eos_loss: 1.5193, loss: 60.9657, iou: 0.2388, card_penalty: 9.6032, Time: 9.2587
Split: train, Epoch [5/25], Step [110/123], Losses: ingr_loss: 0.0479, eos_loss: 1.5366, loss: 58.8150, iou: 0.2456, card_penalty: 9.3379, Time: 9.3781
Split: train, Epoch [5/25], Step [120/123], Losses: ingr_loss: 0.0505, eos_loss: 1.5311, loss: 61.6733, iou: 0.2362, card_penalty: 9.6432, Time: 9.3337
Split: val, Epoch [5/25], Step [0/14], Losses: ingr_loss: 0.0539, eos_loss: 1.2171, loss: 63.6667, iou: 0.2163, iou_sample: 0.2356, card_penalty: 8.5376, Time: 1.4339
Split: val, Epoch [5/25], Step [10/14], Losses: ingr_loss: 0.0546, eos_loss: 1.2139, loss: 64.4398, iou: 0.2411, iou_sample: 0.2622, card_penalty: 8.6115, Time: 7.2943
Saved checkpoint.
Epoch 6. lr: 0.00009
Split: train, Epoch [6/25], Step [0/123], Losses: ingr_loss: 0.0486, eos_loss: 1.5753, loss: 59.4583, iou: 0.2223, card_penalty: 9.2601, Time: 1.9292
Split: train, Epoch [6/25], Step [10/123], Losses: ingr_loss: 0.0492, eos_loss: 1.5431, loss: 60.1923, iou: 0.2305, card_penalty: 9.4214, Time: 9.6082
Split: train, Epoch [6/25], Step [20/123], Losses: ingr_loss: 0.0487, eos_loss: 1.5123, loss: 59.5605, iou: 0.2294, card_penalty: 9.3301, Time: 9.6634
Split: train, Epoch [6/25], Step [30/123], Losses: ingr_loss: 0.0488, eos_loss: 1.4896, loss: 59.6334, iou: 0.2250, card_penalty: 9.3350, Time: 9.6231
Split: train, Epoch [6/25], Step [40/123], Losses: ingr_loss: 0.0502, eos_loss: 1.5424, loss: 61.2936, iou: 0.2266, card_penalty: 9.5954, Time: 9.3380
Split: train, Epoch [6/25], Step [50/123], Losses: ingr_loss: 0.0494, eos_loss: 1.5377, loss: 60.3633, iou: 0.2224, card_penalty: 9.3856, Time: 9.2329
Split: train, Epoch [6/25], Step [60/123], Losses: ingr_loss: 0.0506, eos_loss: 1.4953, loss: 61.8086, iou: 0.2345, card_penalty: 9.6978, Time: 9.1278
Split: train, Epoch [6/25], Step [70/123], Losses: ingr_loss: 0.0504, eos_loss: 1.5250, loss: 61.4919, iou: 0.2272, card_penalty: 9.6045, Time: 9.4300
Split: train, Epoch [6/25], Step [80/123], Losses: ingr_loss: 0.0492, eos_loss: 1.5247, loss: 60.1575, iou: 0.2287, card_penalty: 9.4523, Time: 9.4027
Split: train, Epoch [6/25], Step [90/123], Losses: ingr_loss: 0.0494, eos_loss: 1.5071, loss: 60.4181, iou: 0.2258, card_penalty: 9.4945, Time: 9.3517
Split: train, Epoch [6/25], Step [100/123], Losses: ingr_loss: 0.0499, eos_loss: 1.5229, loss: 60.9316, iou: 0.2298, card_penalty: 9.5250, Time: 9.3706
Split: train, Epoch [6/25], Step [110/123], Losses: ingr_loss: 0.0498, eos_loss: 1.5271, loss: 60.8231, iou: 0.2283, card_penalty: 9.5005, Time: 9.4484
Split: train, Epoch [6/25], Step [120/123], Losses: ingr_loss: 0.0504, eos_loss: 1.5369, loss: 61.4717, iou: 0.2236, card_penalty: 9.5723, Time: 9.3661
Split: val, Epoch [6/25], Step [0/14], Losses: ingr_loss: 0.0533, eos_loss: 1.2281, loss: 62.9689, iou: 0.2259, iou_sample: 0.2476, card_penalty: 8.4022, Time: 1.3295
Split: val, Epoch [6/25], Step [10/14], Losses: ingr_loss: 0.0547, eos_loss: 1.2051, loss: 64.4497, iou: 0.2384, iou_sample: 0.2594, card_penalty: 8.5781, Time: 7.3013
Epoch 7. lr: 0.00009
Split: train, Epoch [7/25], Step [0/123], Losses: ingr_loss: 0.0444, eos_loss: 1.5190, loss: 54.5668, iou: 0.2136, card_penalty: 8.6591, Time: 2.7158
Split: train, Epoch [7/25], Step [10/123], Losses: ingr_loss: 0.0491, eos_loss: 1.5100, loss: 60.0306, iou: 0.2313, card_penalty: 9.4129, Time: 9.4190
Split: train, Epoch [7/25], Step [20/123], Losses: ingr_loss: 0.0487, eos_loss: 1.5074, loss: 59.5912, iou: 0.2311, card_penalty: 9.3571, Time: 9.4485
Split: train, Epoch [7/25], Step [30/123], Losses: ingr_loss: 0.0494, eos_loss: 1.5111, loss: 60.3533, iou: 0.2340, card_penalty: 9.4716, Time: 9.0956
Split: train, Epoch [7/25], Step [40/123], Losses: ingr_loss: 0.0497, eos_loss: 1.5098, loss: 60.7066, iou: 0.2301, card_penalty: 9.4975, Time: 9.6003
Split: train, Epoch [7/25], Step [50/123], Losses: ingr_loss: 0.0497, eos_loss: 1.5288, loss: 60.7946, iou: 0.2291, card_penalty: 9.5749, Time: 9.3754
Split: train, Epoch [7/25], Step [60/123], Losses: ingr_loss: 0.0491, eos_loss: 1.5004, loss: 60.0666, iou: 0.2255, card_penalty: 9.4505, Time: 9.4865
Split: train, Epoch [7/25], Step [70/123], Losses: ingr_loss: 0.0490, eos_loss: 1.4926, loss: 59.8570, iou: 0.2277, card_penalty: 9.4079, Time: 9.5304
Split: train, Epoch [7/25], Step [80/123], Losses: ingr_loss: 0.0481, eos_loss: 1.5122, loss: 58.9751, iou: 0.2327, card_penalty: 9.3491, Time: 9.5065
Split: train, Epoch [7/25], Step [90/123], Losses: ingr_loss: 0.0498, eos_loss: 1.5272, loss: 60.8919, iou: 0.2277, card_penalty: 9.5589, Time: 9.5199
Split: train, Epoch [7/25], Step [100/123], Losses: ingr_loss: 0.0497, eos_loss: 1.4904, loss: 60.8139, iou: 0.2341, card_penalty: 9.6117, Time: 9.3750
Split: train, Epoch [7/25], Step [110/123], Losses: ingr_loss: 0.0484, eos_loss: 1.4799, loss: 59.2430, iou: 0.2349, card_penalty: 9.3504, Time: 9.4701
Split: train, Epoch [7/25], Step [120/123], Losses: ingr_loss: 0.0497, eos_loss: 1.4958, loss: 60.7947, iou: 0.2392, card_penalty: 9.5843, Time: 9.1248
Split: val, Epoch [7/25], Step [0/14], Losses: ingr_loss: 0.0515, eos_loss: 1.2474, loss: 61.1286, iou: 0.2356, iou_sample: 0.2537, card_penalty: 8.3686, Time: 1.3111
Split: val, Epoch [7/25], Step [10/14], Losses: ingr_loss: 0.0533, eos_loss: 1.2409, loss: 63.1164, iou: 0.2457, iou_sample: 0.2643, card_penalty: 8.5864, Time: 7.3175
Saved checkpoint.
Epoch 8. lr: 0.00009
Split: train, Epoch [8/25], Step [0/123], Losses: ingr_loss: 0.0496, eos_loss: 1.5303, loss: 60.7277, iou: 0.2206, card_penalty: 9.6268, Time: 2.0169
Split: train, Epoch [8/25], Step [10/123], Losses: ingr_loss: 0.0491, eos_loss: 1.5302, loss: 60.1177, iou: 0.2354, card_penalty: 9.5024, Time: 9.8285
Split: train, Epoch [8/25], Step [20/123], Losses: ingr_loss: 0.0492, eos_loss: 1.4965, loss: 60.1293, iou: 0.2332, card_penalty: 9.4590, Time: 9.8920
Split: train, Epoch [8/25], Step [30/123], Losses: ingr_loss: 0.0479, eos_loss: 1.4678, loss: 58.6874, iou: 0.2424, card_penalty: 9.2869, Time: 9.3457
Split: train, Epoch [8/25], Step [40/123], Losses: ingr_loss: 0.0483, eos_loss: 1.4756, loss: 59.2352, iou: 0.2474, card_penalty: 9.4395, Time: 9.3467
Split: train, Epoch [8/25], Step [50/123], Losses: ingr_loss: 0.0488, eos_loss: 1.5409, loss: 59.7164, iou: 0.2334, card_penalty: 9.3581, Time: 9.4360
Split: train, Epoch [8/25], Step [60/123], Losses: ingr_loss: 0.0482, eos_loss: 1.4931, loss: 59.0303, iou: 0.2330, card_penalty: 9.3327, Time: 9.2475
Split: train, Epoch [8/25], Step [70/123], Losses: ingr_loss: 0.0489, eos_loss: 1.4612, loss: 59.8082, iou: 0.2296, card_penalty: 9.4145, Time: 9.3700
Split: train, Epoch [8/25], Step [80/123], Losses: ingr_loss: 0.0491, eos_loss: 1.4989, loss: 60.0879, iou: 0.2383, card_penalty: 9.5139, Time: 9.3219
Split: train, Epoch [8/25], Step [90/123], Losses: ingr_loss: 0.0487, eos_loss: 1.5167, loss: 59.6421, iou: 0.2447, card_penalty: 9.4542, Time: 9.3056
Split: train, Epoch [8/25], Step [100/123], Losses: ingr_loss: 0.0501, eos_loss: 1.4830, loss: 61.1364, iou: 0.2233, card_penalty: 9.5786, Time: 9.4088
Split: train, Epoch [8/25], Step [110/123], Losses: ingr_loss: 0.0485, eos_loss: 1.4966, loss: 59.4146, iou: 0.2345, card_penalty: 9.3776, Time: 9.3491
Split: train, Epoch [8/25], Step [120/123], Losses: ingr_loss: 0.0498, eos_loss: 1.4906, loss: 60.8232, iou: 0.2232, card_penalty: 9.5748, Time: 9.1735
Split: val, Epoch [8/25], Step [0/14], Losses: ingr_loss: 0.0518, eos_loss: 1.2227, loss: 61.3677, iou: 0.2362, iou_sample: 0.2556, card_penalty: 8.3045, Time: 1.3434
Split: val, Epoch [8/25], Step [10/14], Losses: ingr_loss: 0.0534, eos_loss: 1.2180, loss: 63.1318, iou: 0.2475, iou_sample: 0.2656, card_penalty: 8.5385, Time: 7.3057
Saved checkpoint.
Epoch 9. lr: 0.00009
Split: train, Epoch [9/25], Step [0/123], Losses: ingr_loss: 0.0480, eos_loss: 1.5550, loss: 58.5612, iou: 0.2102, card_penalty: 9.0213, Time: 1.8620
Split: train, Epoch [9/25], Step [10/123], Losses: ingr_loss: 0.0487, eos_loss: 1.5042, loss: 59.7473, iou: 0.2424, card_penalty: 9.5183, Time: 9.5831
Split: train, Epoch [9/25], Step [20/123], Losses: ingr_loss: 0.0480, eos_loss: 1.5121, loss: 58.9128, iou: 0.2405, card_penalty: 9.3832, Time: 9.4218
Split: train, Epoch [9/25], Step [30/123], Losses: ingr_loss: 0.0488, eos_loss: 1.4883, loss: 59.6935, iou: 0.2367, card_penalty: 9.4203, Time: 9.7223
Split: train, Epoch [9/25], Step [40/123], Losses: ingr_loss: 0.0487, eos_loss: 1.4848, loss: 59.6228, iou: 0.2344, card_penalty: 9.4443, Time: 9.6695
Split: train, Epoch [9/25], Step [50/123], Losses: ingr_loss: 0.0479, eos_loss: 1.5116, loss: 58.8224, iou: 0.2448, card_penalty: 9.3783, Time: 9.2734
Split: train, Epoch [9/25], Step [60/123], Losses: ingr_loss: 0.0492, eos_loss: 1.4910, loss: 60.2092, iou: 0.2317, card_penalty: 9.5078, Time: 9.4620
Split: train, Epoch [9/25], Step [70/123], Losses: ingr_loss: 0.0483, eos_loss: 1.4842, loss: 59.1247, iou: 0.2274, card_penalty: 9.3399, Time: 9.3108
Split: train, Epoch [9/25], Step [80/123], Losses: ingr_loss: 0.0482, eos_loss: 1.4762, loss: 59.0422, iou: 0.2301, card_penalty: 9.3551, Time: 9.3621
Split: train, Epoch [9/25], Step [90/123], Losses: ingr_loss: 0.0492, eos_loss: 1.4880, loss: 60.2179, iou: 0.2321, card_penalty: 9.5672, Time: 9.2835
Split: train, Epoch [9/25], Step [100/123], Losses: ingr_loss: 0.0482, eos_loss: 1.5055, loss: 59.1046, iou: 0.2383, card_penalty: 9.4041, Time: 9.6295
Split: train, Epoch [9/25], Step [110/123], Losses: ingr_loss: 0.0488, eos_loss: 1.4796, loss: 59.8129, iou: 0.2371, card_penalty: 9.4855, Time: 9.2959
Split: train, Epoch [9/25], Step [120/123], Losses: ingr_loss: 0.0479, eos_loss: 1.4822, loss: 58.7532, iou: 0.2435, card_penalty: 9.3842, Time: 9.3046
Split: val, Epoch [9/25], Step [0/14], Losses: ingr_loss: 0.0524, eos_loss: 1.1888, loss: 62.0123, iou: 0.2276, iou_sample: 0.2452, card_penalty: 8.3798, Time: 1.3211
Split: val, Epoch [9/25], Step [10/14], Losses: ingr_loss: 0.0534, eos_loss: 1.1921, loss: 63.1389, iou: 0.2464, iou_sample: 0.2677, card_penalty: 8.5082, Time: 7.0363
Saved checkpoint.
Epoch 10. lr: 0.00009
Split: train, Epoch [10/25], Step [0/123], Losses: ingr_loss: 0.0490, eos_loss: 1.4863, loss: 60.1596, iou: 0.2459, card_penalty: 9.6977, Time: 1.8738
Split: train, Epoch [10/25], Step [10/123], Losses: ingr_loss: 0.0488, eos_loss: 1.4830, loss: 59.7413, iou: 0.2367, card_penalty: 9.4882, Time: 9.7450
Split: train, Epoch [10/25], Step [20/123], Losses: ingr_loss: 0.0478, eos_loss: 1.5045, loss: 58.7405, iou: 0.2464, card_penalty: 9.4121, Time: 9.8128
Split: train, Epoch [10/25], Step [30/123], Losses: ingr_loss: 0.0492, eos_loss: 1.4948, loss: 60.2117, iou: 0.2273, card_penalty: 9.5119, Time: 9.6154
Split: train, Epoch [10/25], Step [40/123], Losses: ingr_loss: 0.0476, eos_loss: 1.4829, loss: 58.3500, iou: 0.2415, card_penalty: 9.2928, Time: 9.4261
Split: train, Epoch [10/25], Step [50/123], Losses: ingr_loss: 0.0484, eos_loss: 1.4673, loss: 59.3344, iou: 0.2421, card_penalty: 9.4723, Time: 9.3935
Split: train, Epoch [10/25], Step [60/123], Losses: ingr_loss: 0.0486, eos_loss: 1.4966, loss: 59.5619, iou: 0.2311, card_penalty: 9.4713, Time: 9.3810
Split: train, Epoch [10/25], Step [70/123], Losses: ingr_loss: 0.0478, eos_loss: 1.4984, loss: 58.6225, iou: 0.2390, card_penalty: 9.3300, Time: 9.4250
Split: train, Epoch [10/25], Step [80/123], Losses: ingr_loss: 0.0490, eos_loss: 1.4789, loss: 60.0359, iou: 0.2355, card_penalty: 9.5416, Time: 9.3346
Split: train, Epoch [10/25], Step [90/123], Losses: ingr_loss: 0.0484, eos_loss: 1.4849, loss: 59.3336, iou: 0.2342, card_penalty: 9.4063, Time: 9.4853
Split: train, Epoch [10/25], Step [100/123], Losses: ingr_loss: 0.0489, eos_loss: 1.4918, loss: 59.8871, iou: 0.2296, card_penalty: 9.4890, Time: 9.4498
Split: train, Epoch [10/25], Step [110/123], Losses: ingr_loss: 0.0479, eos_loss: 1.4863, loss: 58.6862, iou: 0.2381, card_penalty: 9.3448, Time: 9.2740
Split: train, Epoch [10/25], Step [120/123], Losses: ingr_loss: 0.0479, eos_loss: 1.4739, loss: 58.7721, iou: 0.2365, card_penalty: 9.3761, Time: 9.3037
Split: val, Epoch [10/25], Step [0/14], Losses: ingr_loss: 0.0519, eos_loss: 1.1676, loss: 61.3819, iou: 0.2398, iou_sample: 0.2620, card_penalty: 8.2880, Time: 1.2991
Split: val, Epoch [10/25], Step [10/14], Losses: ingr_loss: 0.0536, eos_loss: 1.1591, loss: 63.2899, iou: 0.2437, iou_sample: 0.2631, card_penalty: 8.5083, Time: 7.4716
Epoch 11. lr: 0.00009
Split: train, Epoch [11/25], Step [0/123], Losses: ingr_loss: 0.0496, eos_loss: 1.4383, loss: 60.5355, iou: 0.2425, card_penalty: 9.5280, Time: 1.8976
Split: train, Epoch [11/25], Step [10/123], Losses: ingr_loss: 0.0487, eos_loss: 1.4547, loss: 59.6861, iou: 0.2431, card_penalty: 9.5153, Time: 9.4992
Split: train, Epoch [11/25], Step [20/123], Losses: ingr_loss: 0.0486, eos_loss: 1.5007, loss: 59.5918, iou: 0.2360, card_penalty: 9.4741, Time: 9.4605
Split: train, Epoch [11/25], Step [30/123], Losses: ingr_loss: 0.0487, eos_loss: 1.4892, loss: 59.7882, iou: 0.2425, card_penalty: 9.5537, Time: 9.4670
Split: train, Epoch [11/25], Step [40/123], Losses: ingr_loss: 0.0484, eos_loss: 1.4846, loss: 59.2867, iou: 0.2395, card_penalty: 9.4325, Time: 9.2656
Split: train, Epoch [11/25], Step [50/123], Losses: ingr_loss: 0.0479, eos_loss: 1.4903, loss: 58.7844, iou: 0.2423, card_penalty: 9.3696, Time: 9.2616
Split: train, Epoch [11/25], Step [60/123], Losses: ingr_loss: 0.0488, eos_loss: 1.5019, loss: 59.7793, iou: 0.2369, card_penalty: 9.4737, Time: 9.3652
Split: train, Epoch [11/25], Step [70/123], Losses: ingr_loss: 0.0476, eos_loss: 1.4890, loss: 58.4535, iou: 0.2436, card_penalty: 9.3280, Time: 9.4398
Split: train, Epoch [11/25], Step [80/123], Losses: ingr_loss: 0.0479, eos_loss: 1.4739, loss: 58.7805, iou: 0.2369, card_penalty: 9.3822, Time: 9.6070
Split: train, Epoch [11/25], Step [90/123], Losses: ingr_loss: 0.0474, eos_loss: 1.4942, loss: 58.1187, iou: 0.2353, card_penalty: 9.2343, Time: 9.5802
Split: train, Epoch [11/25], Step [100/123], Losses: ingr_loss: 0.0485, eos_loss: 1.4629, loss: 59.3948, iou: 0.2386, card_penalty: 9.4552, Time: 9.4764
Split: train, Epoch [11/25], Step [110/123], Losses: ingr_loss: 0.0479, eos_loss: 1.4753, loss: 58.6736, iou: 0.2387, card_penalty: 9.3446, Time: 9.4917
Split: train, Epoch [11/25], Step [120/123], Losses: ingr_loss: 0.0484, eos_loss: 1.5107, loss: 59.2963, iou: 0.2326, card_penalty: 9.4330, Time: 9.1455
Split: val, Epoch [11/25], Step [0/14], Losses: ingr_loss: 0.0521, eos_loss: 1.2443, loss: 61.6519, iou: 0.2472, iou_sample: 0.2637, card_penalty: 8.2704, Time: 1.2896
Split: val, Epoch [11/25], Step [10/14], Losses: ingr_loss: 0.0535, eos_loss: 1.2471, loss: 63.2878, iou: 0.2496, iou_sample: 0.2658, card_penalty: 8.5212, Time: 7.3207
Epoch 12. lr: 0.00009
Split: train, Epoch [12/25], Step [0/123], Losses: ingr_loss: 0.0455, eos_loss: 1.5507, loss: 55.9796, iou: 0.2578, card_penalty: 8.9482, Time: 1.7964
Split: train, Epoch [12/25], Step [10/123], Losses: ingr_loss: 0.0482, eos_loss: 1.5041, loss: 59.0051, iou: 0.2324, card_penalty: 9.3461, Time: 9.7999
Split: train, Epoch [12/25], Step [20/123], Losses: ingr_loss: 0.0487, eos_loss: 1.4770, loss: 59.7167, iou: 0.2400, card_penalty: 9.5452, Time: 9.4869
Split: train, Epoch [12/25], Step [30/123], Losses: ingr_loss: 0.0493, eos_loss: 1.4788, loss: 60.2927, iou: 0.2365, card_penalty: 9.5457, Time: 9.4991
Split: train, Epoch [12/25], Step [40/123], Losses: ingr_loss: 0.0479, eos_loss: 1.4952, loss: 58.7125, iou: 0.2325, card_penalty: 9.3063, Time: 9.6847
Split: train, Epoch [12/25], Step [50/123], Losses: ingr_loss: 0.0480, eos_loss: 1.5064, loss: 58.9300, iou: 0.2361, card_penalty: 9.4249, Time: 9.3949
Split: train, Epoch [12/25], Step [60/123], Losses: ingr_loss: 0.0485, eos_loss: 1.4673, loss: 59.4161, iou: 0.2329, card_penalty: 9.4655, Time: 9.3064
Split: train, Epoch [12/25], Step [70/123], Losses: ingr_loss: 0.0482, eos_loss: 1.4666, loss: 59.1901, iou: 0.2443, card_penalty: 9.5289, Time: 9.1951
Split: train, Epoch [12/25], Step [80/123], Losses: ingr_loss: 0.0489, eos_loss: 1.4620, loss: 59.8838, iou: 0.2406, card_penalty: 9.5585, Time: 9.3538
Split: train, Epoch [12/25], Step [90/123], Losses: ingr_loss: 0.0485, eos_loss: 1.4924, loss: 59.4275, iou: 0.2360, card_penalty: 9.4078, Time: 9.4320
Split: train, Epoch [12/25], Step [100/123], Losses: ingr_loss: 0.0472, eos_loss: 1.5049, loss: 57.9203, iou: 0.2250, card_penalty: 9.2278, Time: 9.3229
Split: train, Epoch [12/25], Step [110/123], Losses: ingr_loss: 0.0492, eos_loss: 1.4613, loss: 60.3337, iou: 0.2365, card_penalty: 9.6230, Time: 9.1549
Split: train, Epoch [12/25], Step [120/123], Losses: ingr_loss: 0.0487, eos_loss: 1.4506, loss: 59.6326, iou: 0.2403, card_penalty: 9.5129, Time: 9.3174
Split: val, Epoch [12/25], Step [0/14], Losses: ingr_loss: 0.0522, eos_loss: 1.1849, loss: 61.6500, iou: 0.2456, iou_sample: 0.2568, card_penalty: 8.2938, Time: 1.2264
Split: val, Epoch [12/25], Step [10/14], Losses: ingr_loss: 0.0538, eos_loss: 1.1676, loss: 63.4849, iou: 0.2458, iou_sample: 0.2626, card_penalty: 8.5374, Time: 7.2838
Epoch 13. lr: 0.00009
Split: train, Epoch [13/25], Step [0/123], Losses: ingr_loss: 0.0505, eos_loss: 1.4594, loss: 61.7039, iou: 0.2182, card_penalty: 9.7579, Time: 1.7887
Split: train, Epoch [13/25], Step [10/123], Losses: ingr_loss: 0.0473, eos_loss: 1.4729, loss: 58.0331, iou: 0.2389, card_penalty: 9.2969, Time: 9.4503
Split: train, Epoch [13/25], Step [20/123], Losses: ingr_loss: 0.0485, eos_loss: 1.4790, loss: 59.4897, iou: 0.2415, card_penalty: 9.5562, Time: 9.4565
Split: train, Epoch [13/25], Step [30/123], Losses: ingr_loss: 0.0478, eos_loss: 1.4782, loss: 58.6355, iou: 0.2329, card_penalty: 9.3424, Time: 9.5088
Split: train, Epoch [13/25], Step [40/123], Losses: ingr_loss: 0.0487, eos_loss: 1.4587, loss: 59.7860, iou: 0.2401, card_penalty: 9.5903, Time: 9.3718
Split: train, Epoch [13/25], Step [50/123], Losses: ingr_loss: 0.0490, eos_loss: 1.4714, loss: 60.1070, iou: 0.2321, card_penalty: 9.5937, Time: 9.3876
Split: train, Epoch [13/25], Step [60/123], Losses: ingr_loss: 0.0479, eos_loss: 1.4772, loss: 58.7196, iou: 0.2359, card_penalty: 9.3713, Time: 9.3124
Split: train, Epoch [13/25], Step [70/123], Losses: ingr_loss: 0.0489, eos_loss: 1.4685, loss: 59.9803, iou: 0.2476, card_penalty: 9.6481, Time: 9.3049
Split: train, Epoch [13/25], Step [80/123], Losses: ingr_loss: 0.0487, eos_loss: 1.4682, loss: 59.6173, iou: 0.2377, card_penalty: 9.4942, Time: 9.2728
Split: train, Epoch [13/25], Step [90/123], Losses: ingr_loss: 0.0488, eos_loss: 1.4942, loss: 59.9314, iou: 0.2439, card_penalty: 9.5961, Time: 9.5375
Split: train, Epoch [13/25], Step [100/123], Losses: ingr_loss: 0.0478, eos_loss: 1.5031, loss: 58.5612, iou: 0.2309, card_penalty: 9.3030, Time: 9.2960
Split: train, Epoch [13/25], Step [110/123], Losses: ingr_loss: 0.0467, eos_loss: 1.4805, loss: 57.4550, iou: 0.2474, card_penalty: 9.2555, Time: 9.4382
Split: train, Epoch [13/25], Step [120/123], Losses: ingr_loss: 0.0482, eos_loss: 1.4497, loss: 59.0951, iou: 0.2326, card_penalty: 9.4022, Time: 9.2834
Split: val, Epoch [13/25], Step [0/14], Losses: ingr_loss: 0.0515, eos_loss: 1.1355, loss: 60.9264, iou: 0.2477, iou_sample: 0.2585, card_penalty: 8.2584, Time: 1.3423
Split: val, Epoch [13/25], Step [10/14], Losses: ingr_loss: 0.0538, eos_loss: 1.1400, loss: 63.4843, iou: 0.2437, iou_sample: 0.2624, card_penalty: 8.5123, Time: 7.6109
Epoch 14. lr: 0.00009
Split: train, Epoch [14/25], Step [0/123], Losses: ingr_loss: 0.0487, eos_loss: 1.4097, loss: 59.6321, iou: 0.2403, card_penalty: 9.5468, Time: 1.3438
Split: train, Epoch [14/25], Step [10/123], Losses: ingr_loss: 0.0473, eos_loss: 1.4500, loss: 57.9938, iou: 0.2454, card_penalty: 9.2883, Time: 9.9622
Split: train, Epoch [14/25], Step [20/123], Losses: ingr_loss: 0.0478, eos_loss: 1.4680, loss: 58.7363, iou: 0.2495, card_penalty: 9.4281, Time: 9.5009
Split: train, Epoch [14/25], Step [30/123], Losses: ingr_loss: 0.0487, eos_loss: 1.4758, loss: 59.7626, iou: 0.2381, card_penalty: 9.5881, Time: 9.4579
Split: train, Epoch [14/25], Step [40/123], Losses: ingr_loss: 0.0491, eos_loss: 1.4783, loss: 60.1393, iou: 0.2315, card_penalty: 9.6055, Time: 9.1923
Split: train, Epoch [14/25], Step [50/123], Losses: ingr_loss: 0.0476, eos_loss: 1.4722, loss: 58.4857, iou: 0.2377, card_penalty: 9.3881, Time: 9.4465
Split: train, Epoch [14/25], Step [60/123], Losses: ingr_loss: 0.0484, eos_loss: 1.4746, loss: 59.3695, iou: 0.2364, card_penalty: 9.4711, Time: 9.3381
Split: train, Epoch [14/25], Step [70/123], Losses: ingr_loss: 0.0474, eos_loss: 1.4848, loss: 58.2210, iou: 0.2370, card_penalty: 9.3369, Time: 9.3013
Split: train, Epoch [14/25], Step [80/123], Losses: ingr_loss: 0.0470, eos_loss: 1.4842, loss: 57.6443, iou: 0.2401, card_penalty: 9.1882, Time: 9.3496
Split: train, Epoch [14/25], Step [90/123], Losses: ingr_loss: 0.0488, eos_loss: 1.4488, loss: 59.7308, iou: 0.2392, card_penalty: 9.4957, Time: 9.3009
Split: train, Epoch [14/25], Step [100/123], Losses: ingr_loss: 0.0477, eos_loss: 1.4722, loss: 58.5378, iou: 0.2393, card_penalty: 9.3608, Time: 9.3624
Split: train, Epoch [14/25], Step [110/123], Losses: ingr_loss: 0.0474, eos_loss: 1.4746, loss: 58.2542, iou: 0.2377, card_penalty: 9.3369, Time: 9.1660
Split: train, Epoch [14/25], Step [120/123], Losses: ingr_loss: 0.0490, eos_loss: 1.4677, loss: 60.0895, iou: 0.2389, card_penalty: 9.6023, Time: 9.2739
Split: val, Epoch [14/25], Step [0/14], Losses: ingr_loss: 0.0513, eos_loss: 1.1695, loss: 60.7157, iou: 0.2362, iou_sample: 0.2582, card_penalty: 8.2519, Time: 1.4918
Split: val, Epoch [14/25], Step [10/14], Losses: ingr_loss: 0.0532, eos_loss: 1.1590, loss: 62.8352, iou: 0.2460, iou_sample: 0.2653, card_penalty: 8.4710, Time: 7.5917
Epoch 15. lr: 0.00009
Split: train, Epoch [15/25], Step [0/123], Losses: ingr_loss: 0.0491, eos_loss: 1.4860, loss: 60.3432, iou: 0.2585, card_penalty: 9.7776, Time: 1.8000
Split: train, Epoch [15/25], Step [10/123], Losses: ingr_loss: 0.0489, eos_loss: 1.4685, loss: 59.9874, iou: 0.2393, card_penalty: 9.5691, Time: 9.6163
Split: train, Epoch [15/25], Step [20/123], Losses: ingr_loss: 0.0487, eos_loss: 1.4844, loss: 59.7087, iou: 0.2400, card_penalty: 9.5411, Time: 9.4094
Split: train, Epoch [15/25], Step [30/123], Losses: ingr_loss: 0.0468, eos_loss: 1.4978, loss: 57.6296, iou: 0.2414, card_penalty: 9.2951, Time: 9.3661
Split: train, Epoch [15/25], Step [40/123], Losses: ingr_loss: 0.0473, eos_loss: 1.4796, loss: 58.0354, iou: 0.2365, card_penalty: 9.2758, Time: 9.3178
Split: train, Epoch [15/25], Step [50/123], Losses: ingr_loss: 0.0476, eos_loss: 1.4417, loss: 58.4109, iou: 0.2407, card_penalty: 9.3768, Time: 9.2851
Split: train, Epoch [15/25], Step [60/123], Losses: ingr_loss: 0.0479, eos_loss: 1.4420, loss: 58.7801, iou: 0.2477, card_penalty: 9.4587, Time: 9.2885
Split: train, Epoch [15/25], Step [70/123], Losses: ingr_loss: 0.0474, eos_loss: 1.4650, loss: 58.1772, iou: 0.2373, card_penalty: 9.2919, Time: 9.5595
Split: train, Epoch [15/25], Step [80/123], Losses: ingr_loss: 0.0470, eos_loss: 1.4697, loss: 57.7247, iou: 0.2442, card_penalty: 9.2415, Time: 9.2463
Split: train, Epoch [15/25], Step [90/123], Losses: ingr_loss: 0.0488, eos_loss: 1.4749, loss: 59.7978, iou: 0.2416, card_penalty: 9.4984, Time: 9.4294
Split: train, Epoch [15/25], Step [100/123], Losses: ingr_loss: 0.0488, eos_loss: 1.4659, loss: 59.8965, iou: 0.2374, card_penalty: 9.5943, Time: 9.3332
Split: train, Epoch [15/25], Step [110/123], Losses: ingr_loss: 0.0472, eos_loss: 1.4777, loss: 57.9354, iou: 0.2388, card_penalty: 9.2930, Time: 9.2569
Split: train, Epoch [15/25], Step [120/123], Losses: ingr_loss: 0.0489, eos_loss: 1.4789, loss: 59.8949, iou: 0.2319, card_penalty: 9.5190, Time: 9.0980
Split: val, Epoch [15/25], Step [0/14], Losses: ingr_loss: 0.0508, eos_loss: 1.1945, loss: 60.2451, iou: 0.2514, iou_sample: 0.2625, card_penalty: 8.2605, Time: 1.3160
Split: val, Epoch [15/25], Step [10/14], Losses: ingr_loss: 0.0530, eos_loss: 1.1969, loss: 62.6985, iou: 0.2497, iou_sample: 0.2648, card_penalty: 8.4999, Time: 6.9681
Epoch 16. lr: 0.00009
Split: train, Epoch [16/25], Step [0/123], Losses: ingr_loss: 0.0476, eos_loss: 1.5372, loss: 58.3196, iou: 0.2198, card_penalty: 9.1876, Time: 1.0625
Split: train, Epoch [16/25], Step [10/123], Losses: ingr_loss: 0.0482, eos_loss: 1.4693, loss: 59.2055, iou: 0.2388, card_penalty: 9.4901, Time: 9.8154
Split: train, Epoch [16/25], Step [20/123], Losses: ingr_loss: 0.0473, eos_loss: 1.4536, loss: 58.1182, iou: 0.2441, card_penalty: 9.3245, Time: 9.6830
Split: train, Epoch [16/25], Step [30/123], Losses: ingr_loss: 0.0473, eos_loss: 1.4516, loss: 58.1539, iou: 0.2525, card_penalty: 9.3906, Time: 9.4441
Split: train, Epoch [16/25], Step [40/123], Losses: ingr_loss: 0.0487, eos_loss: 1.4576, loss: 59.6159, iou: 0.2430, card_penalty: 9.4760, Time: 9.4782
Split: train, Epoch [16/25], Step [50/123], Losses: ingr_loss: 0.0479, eos_loss: 1.4773, loss: 58.8324, iou: 0.2411, card_penalty: 9.4300, Time: 9.3825
Split: train, Epoch [16/25], Step [60/123], Losses: ingr_loss: 0.0478, eos_loss: 1.4773, loss: 58.6674, iou: 0.2385, card_penalty: 9.3958, Time: 9.4551
Split: train, Epoch [16/25], Step [70/123], Losses: ingr_loss: 0.0480, eos_loss: 1.4740, loss: 59.0126, iou: 0.2474, card_penalty: 9.5080, Time: 9.4482
Split: train, Epoch [16/25], Step [80/123], Losses: ingr_loss: 0.0478, eos_loss: 1.4807, loss: 58.6449, iou: 0.2398, card_penalty: 9.4009, Time: 9.4903
Split: train, Epoch [16/25], Step [90/123], Losses: ingr_loss: 0.0477, eos_loss: 1.4758, loss: 58.5713, iou: 0.2415, card_penalty: 9.3539, Time: 9.3493
Split: train, Epoch [16/25], Step [100/123], Losses: ingr_loss: 0.0476, eos_loss: 1.4607, loss: 58.5230, iou: 0.2429, card_penalty: 9.4499, Time: 9.3970
Split: train, Epoch [16/25], Step [110/123], Losses: ingr_loss: 0.0479, eos_loss: 1.4648, loss: 58.8378, iou: 0.2490, card_penalty: 9.4645, Time: 9.3754
Split: train, Epoch [16/25], Step [120/123], Losses: ingr_loss: 0.0473, eos_loss: 1.4873, loss: 58.0077, iou: 0.2355, card_penalty: 9.2440, Time: 9.2293
Split: val, Epoch [16/25], Step [0/14], Losses: ingr_loss: 0.0507, eos_loss: 1.1805, loss: 60.1525, iou: 0.2488, iou_sample: 0.2581, card_penalty: 8.2529, Time: 1.5335
Split: val, Epoch [16/25], Step [10/14], Losses: ingr_loss: 0.0530, eos_loss: 1.1818, loss: 62.6260, iou: 0.2501, iou_sample: 0.2664, card_penalty: 8.4916, Time: 7.3002
Epoch 17. lr: 0.00008
Split: train, Epoch [17/25], Step [0/123], Losses: ingr_loss: 0.0467, eos_loss: 1.4605, loss: 57.2400, iou: 0.2204, card_penalty: 9.0409, Time: 1.8958
Split: train, Epoch [17/25], Step [10/123], Losses: ingr_loss: 0.0482, eos_loss: 1.4680, loss: 59.1771, iou: 0.2465, card_penalty: 9.5482, Time: 9.9541
Split: train, Epoch [17/25], Step [20/123], Losses: ingr_loss: 0.0474, eos_loss: 1.4700, loss: 58.2926, iou: 0.2437, card_penalty: 9.3843, Time: 9.5592
Split: train, Epoch [17/25], Step [30/123], Losses: ingr_loss: 0.0481, eos_loss: 1.4776, loss: 59.0487, iou: 0.2405, card_penalty: 9.4818, Time: 9.5751
Split: train, Epoch [17/25], Step [40/123], Losses: ingr_loss: 0.0471, eos_loss: 1.4670, loss: 57.8251, iou: 0.2445, card_penalty: 9.2699, Time: 9.6039
Split: train, Epoch [17/25], Step [50/123], Losses: ingr_loss: 0.0465, eos_loss: 1.4468, loss: 57.1566, iou: 0.2517, card_penalty: 9.2425, Time: 9.4382
Split: train, Epoch [17/25], Step [60/123], Losses: ingr_loss: 0.0476, eos_loss: 1.4614, loss: 58.4471, iou: 0.2463, card_penalty: 9.3651, Time: 9.1784
Split: train, Epoch [17/25], Step [70/123], Losses: ingr_loss: 0.0469, eos_loss: 1.4673, loss: 57.6076, iou: 0.2452, card_penalty: 9.2775, Time: 9.4446
Split: train, Epoch [17/25], Step [80/123], Losses: ingr_loss: 0.0484, eos_loss: 1.4661, loss: 59.3564, iou: 0.2348, card_penalty: 9.4798, Time: 9.4091
Split: train, Epoch [17/25], Step [90/123], Losses: ingr_loss: 0.0476, eos_loss: 1.4644, loss: 58.4687, iou: 0.2438, card_penalty: 9.3993, Time: 9.2358
Split: train, Epoch [17/25], Step [100/123], Losses: ingr_loss: 0.0489, eos_loss: 1.4702, loss: 59.9854, iou: 0.2437, card_penalty: 9.6381, Time: 9.5551
Split: train, Epoch [17/25], Step [110/123], Losses: ingr_loss: 0.0476, eos_loss: 1.4634, loss: 58.4824, iou: 0.2421, card_penalty: 9.3945, Time: 9.1758
Split: train, Epoch [17/25], Step [120/123], Losses: ingr_loss: 0.0476, eos_loss: 1.4624, loss: 58.4919, iou: 0.2412, card_penalty: 9.3950, Time: 9.3165
Split: val, Epoch [17/25], Step [0/14], Losses: ingr_loss: 0.0507, eos_loss: 1.1849, loss: 60.0914, iou: 0.2542, iou_sample: 0.2617, card_penalty: 8.2228, Time: 1.3102
Split: val, Epoch [17/25], Step [10/14], Losses: ingr_loss: 0.0530, eos_loss: 1.1834, loss: 62.6728, iou: 0.2509, iou_sample: 0.2660, card_penalty: 8.4854, Time: 7.7049
Epoch 18. lr: 0.00008
Split: train, Epoch [18/25], Step [0/123], Losses: ingr_loss: 0.0481, eos_loss: 1.4455, loss: 59.1833, iou: 0.2559, card_penalty: 9.6706, Time: 1.8899
Split: train, Epoch [18/25], Step [10/123], Losses: ingr_loss: 0.0482, eos_loss: 1.4768, loss: 59.1646, iou: 0.2452, card_penalty: 9.5272, Time: 9.3829
Split: train, Epoch [18/25], Step [20/123], Losses: ingr_loss: 0.0480, eos_loss: 1.4675, loss: 58.8720, iou: 0.2391, card_penalty: 9.4486, Time: 9.8710
Split: train, Epoch [18/25], Step [30/123], Losses: ingr_loss: 0.0470, eos_loss: 1.4714, loss: 57.7838, iou: 0.2431, card_penalty: 9.3130, Time: 9.4741
Split: train, Epoch [18/25], Step [40/123], Losses: ingr_loss: 0.0472, eos_loss: 1.4707, loss: 58.0437, iou: 0.2513, card_penalty: 9.3720, Time: 9.7991
Split: train, Epoch [18/25], Step [50/123], Losses: ingr_loss: 0.0480, eos_loss: 1.4644, loss: 58.9564, iou: 0.2400, card_penalty: 9.4839, Time: 9.3557
Split: train, Epoch [18/25], Step [60/123], Losses: ingr_loss: 0.0476, eos_loss: 1.4733, loss: 58.5446, iou: 0.2395, card_penalty: 9.4389, Time: 9.4487
Split: train, Epoch [18/25], Step [70/123], Losses: ingr_loss: 0.0480, eos_loss: 1.4620, loss: 58.9188, iou: 0.2437, card_penalty: 9.4676, Time: 9.2533
Split: train, Epoch [18/25], Step [80/123], Losses: ingr_loss: 0.0464, eos_loss: 1.4767, loss: 56.9974, iou: 0.2419, card_penalty: 9.1505, Time: 9.3542
Split: train, Epoch [18/25], Step [90/123], Losses: ingr_loss: 0.0473, eos_loss: 1.4599, loss: 58.1315, iou: 0.2455, card_penalty: 9.3580, Time: 9.4150
Split: train, Epoch [18/25], Step [100/123], Losses: ingr_loss: 0.0490, eos_loss: 1.4653, loss: 60.0964, iou: 0.2440, card_penalty: 9.6400, Time: 9.5775
Split: train, Epoch [18/25], Step [110/123], Losses: ingr_loss: 0.0469, eos_loss: 1.4754, loss: 57.6844, iou: 0.2511, card_penalty: 9.3273, Time: 9.5091
Split: train, Epoch [18/25], Step [120/123], Losses: ingr_loss: 0.0469, eos_loss: 1.4814, loss: 57.5783, iou: 0.2353, card_penalty: 9.2403, Time: 9.2912
Split: val, Epoch [18/25], Step [0/14], Losses: ingr_loss: 0.0507, eos_loss: 1.1979, loss: 60.0657, iou: 0.2533, iou_sample: 0.2641, card_penalty: 8.1965, Time: 1.3930
Split: val, Epoch [18/25], Step [10/14], Losses: ingr_loss: 0.0532, eos_loss: 1.1858, loss: 62.8566, iou: 0.2511, iou_sample: 0.2638, card_penalty: 8.4809, Time: 7.1450
Epoch 19. lr: 0.00008
Split: train, Epoch [19/25], Step [0/123], Losses: ingr_loss: 0.0476, eos_loss: 1.4613, loss: 58.4595, iou: 0.2380, card_penalty: 9.4242, Time: 1.7531
Split: train, Epoch [19/25], Step [10/123], Losses: ingr_loss: 0.0470, eos_loss: 1.4665, loss: 57.6936, iou: 0.2458, card_penalty: 9.2708, Time: 9.5929
Split: train, Epoch [19/25], Step [20/123], Losses: ingr_loss: 0.0476, eos_loss: 1.4502, loss: 58.4753, iou: 0.2459, card_penalty: 9.4682, Time: 9.8278
Split: train, Epoch [19/25], Step [30/123], Losses: ingr_loss: 0.0474, eos_loss: 1.4672, loss: 58.2349, iou: 0.2446, card_penalty: 9.4018, Time: 9.2121
Split: train, Epoch [19/25], Step [40/123], Losses: ingr_loss: 0.0478, eos_loss: 1.4577, loss: 58.7164, iou: 0.2527, card_penalty: 9.4437, Time: 9.1867
Split: train, Epoch [19/25], Step [50/123], Losses: ingr_loss: 0.0470, eos_loss: 1.4723, loss: 57.7323, iou: 0.2392, card_penalty: 9.2595, Time: 9.2357
Split: train, Epoch [19/25], Step [60/123], Losses: ingr_loss: 0.0471, eos_loss: 1.4625, loss: 57.9608, iou: 0.2467, card_penalty: 9.3521, Time: 9.2959
Split: train, Epoch [19/25], Step [70/123], Losses: ingr_loss: 0.0473, eos_loss: 1.4736, loss: 58.1392, iou: 0.2393, card_penalty: 9.3653, Time: 9.3451
Split: train, Epoch [19/25], Step [80/123], Losses: ingr_loss: 0.0475, eos_loss: 1.4616, loss: 58.4053, iou: 0.2505, card_penalty: 9.4400, Time: 9.1812
Split: train, Epoch [19/25], Step [90/123], Losses: ingr_loss: 0.0477, eos_loss: 1.4616, loss: 58.5333, iou: 0.2313, card_penalty: 9.3300, Time: 9.3679
Split: train, Epoch [19/25], Step [100/123], Losses: ingr_loss: 0.0477, eos_loss: 1.4653, loss: 58.5941, iou: 0.2476, card_penalty: 9.4055, Time: 9.2371
Split: train, Epoch [19/25], Step [110/123], Losses: ingr_loss: 0.0484, eos_loss: 1.4562, loss: 59.4269, iou: 0.2436, card_penalty: 9.5464, Time: 9.6087
Split: train, Epoch [19/25], Step [120/123], Losses: ingr_loss: 0.0471, eos_loss: 1.4757, loss: 57.9117, iou: 0.2397, card_penalty: 9.2968, Time: 9.2327
Split: val, Epoch [19/25], Step [0/14], Losses: ingr_loss: 0.0504, eos_loss: 1.2028, loss: 59.8147, iou: 0.2541, iou_sample: 0.2639, card_penalty: 8.1905, Time: 1.2663
Split: val, Epoch [19/25], Step [10/14], Losses: ingr_loss: 0.0529, eos_loss: 1.1941, loss: 62.5552, iou: 0.2536, iou_sample: 0.2661, card_penalty: 8.4681, Time: 7.8019
Epoch 20. lr: 0.00008
Split: train, Epoch [20/25], Step [0/123], Losses: ingr_loss: 0.0506, eos_loss: 1.4404, loss: 61.8724, iou: 0.2256, card_penalty: 9.8770, Time: 1.7997
Split: train, Epoch [20/25], Step [10/123], Losses: ingr_loss: 0.0470, eos_loss: 1.4597, loss: 57.7866, iou: 0.2463, card_penalty: 9.3343, Time: 9.5203
Split: train, Epoch [20/25], Step [20/123], Losses: ingr_loss: 0.0477, eos_loss: 1.4785, loss: 58.5157, iou: 0.2403, card_penalty: 9.3635, Time: 9.4268
Split: train, Epoch [20/25], Step [30/123], Losses: ingr_loss: 0.0474, eos_loss: 1.4679, loss: 58.2489, iou: 0.2425, card_penalty: 9.3819, Time: 9.7283
Split: train, Epoch [20/25], Step [40/123], Losses: ingr_loss: 0.0473, eos_loss: 1.4712, loss: 58.0714, iou: 0.2332, card_penalty: 9.3258, Time: 9.4751
Split: train, Epoch [20/25], Step [50/123], Losses: ingr_loss: 0.0481, eos_loss: 1.4701, loss: 58.9897, iou: 0.2414, card_penalty: 9.4605, Time: 9.2800
Split: train, Epoch [20/25], Step [60/123], Losses: ingr_loss: 0.0466, eos_loss: 1.4667, loss: 57.3229, iou: 0.2405, card_penalty: 9.2096, Time: 9.4062
Split: train, Epoch [20/25], Step [70/123], Losses: ingr_loss: 0.0474, eos_loss: 1.4536, loss: 58.2798, iou: 0.2485, card_penalty: 9.4294, Time: 9.4981
Split: train, Epoch [20/25], Step [80/123], Losses: ingr_loss: 0.0474, eos_loss: 1.4583, loss: 58.2779, iou: 0.2451, card_penalty: 9.3808, Time: 9.1436
Split: train, Epoch [20/25], Step [90/123], Losses: ingr_loss: 0.0475, eos_loss: 1.4572, loss: 58.4357, iou: 0.2482, card_penalty: 9.4633, Time: 9.2912
Split: train, Epoch [20/25], Step [100/123], Losses: ingr_loss: 0.0481, eos_loss: 1.4598, loss: 59.0427, iou: 0.2522, card_penalty: 9.4955, Time: 9.2832
Split: train, Epoch [20/25], Step [110/123], Losses: ingr_loss: 0.0467, eos_loss: 1.4744, loss: 57.5260, iou: 0.2559, card_penalty: 9.3104, Time: 9.1890
Split: train, Epoch [20/25], Step [120/123], Losses: ingr_loss: 0.0474, eos_loss: 1.4631, loss: 58.2102, iou: 0.2405, card_penalty: 9.3442, Time: 9.3151
Split: val, Epoch [20/25], Step [0/14], Losses: ingr_loss: 0.0503, eos_loss: 1.1919, loss: 59.6446, iou: 0.2571, iou_sample: 0.2670, card_penalty: 8.1819, Time: 1.3572
Split: val, Epoch [20/25], Step [10/14], Losses: ingr_loss: 0.0527, eos_loss: 1.1868, loss: 62.3305, iou: 0.2531, iou_sample: 0.2672, card_penalty: 8.4514, Time: 7.1361
Saved checkpoint.
Epoch 21. lr: 0.00008
Split: train, Epoch [21/25], Step [0/123], Losses: ingr_loss: 0.0495, eos_loss: 1.4370, loss: 60.6496, iou: 0.2516, card_penalty: 9.7538, Time: 1.7552
Split: train, Epoch [21/25], Step [10/123], Losses: ingr_loss: 0.0478, eos_loss: 1.4716, loss: 58.7026, iou: 0.2484, card_penalty: 9.4546, Time: 9.7230
Split: train, Epoch [21/25], Step [20/123], Losses: ingr_loss: 0.0460, eos_loss: 1.4805, loss: 56.6547, iou: 0.2504, card_penalty: 9.1999, Time: 9.6777
Split: train, Epoch [21/25], Step [30/123], Losses: ingr_loss: 0.0472, eos_loss: 1.4682, loss: 57.9540, iou: 0.2529, card_penalty: 9.3340, Time: 9.6790
Split: train, Epoch [21/25], Step [40/123], Losses: ingr_loss: 0.0473, eos_loss: 1.4657, loss: 58.1122, iou: 0.2466, card_penalty: 9.3691, Time: 9.3388
Split: train, Epoch [21/25], Step [50/123], Losses: ingr_loss: 0.0470, eos_loss: 1.4675, loss: 57.7293, iou: 0.2527, card_penalty: 9.3065, Time: 9.5446
Split: train, Epoch [21/25], Step [60/123], Losses: ingr_loss: 0.0475, eos_loss: 1.4698, loss: 58.3283, iou: 0.2441, card_penalty: 9.3456, Time: 9.3112
Split: train, Epoch [21/25], Step [70/123], Losses: ingr_loss: 0.0471, eos_loss: 1.4576, loss: 57.8797, iou: 0.2519, card_penalty: 9.3521, Time: 9.2887
Split: train, Epoch [21/25], Step [80/123], Losses: ingr_loss: 0.0466, eos_loss: 1.4642, loss: 57.3453, iou: 0.2504, card_penalty: 9.2706, Time: 9.2395
Split: train, Epoch [21/25], Step [90/123], Losses: ingr_loss: 0.0476, eos_loss: 1.4743, loss: 58.4345, iou: 0.2421, card_penalty: 9.3473, Time: 9.2449
Split: train, Epoch [21/25], Step [100/123], Losses: ingr_loss: 0.0475, eos_loss: 1.4630, loss: 58.3819, iou: 0.2470, card_penalty: 9.4008, Time: 9.4033
Split: train, Epoch [21/25], Step [110/123], Losses: ingr_loss: 0.0469, eos_loss: 1.4804, loss: 57.6779, iou: 0.2465, card_penalty: 9.2889, Time: 9.3194
Split: train, Epoch [21/25], Step [120/123], Losses: ingr_loss: 0.0481, eos_loss: 1.4573, loss: 59.1335, iou: 0.2421, card_penalty: 9.5365, Time: 9.1811
Split: val, Epoch [21/25], Step [0/14], Losses: ingr_loss: 0.0504, eos_loss: 1.1878, loss: 59.7301, iou: 0.2599, iou_sample: 0.2695, card_penalty: 8.1817, Time: 1.2699
Split: val, Epoch [21/25], Step [10/14], Losses: ingr_loss: 0.0529, eos_loss: 1.1879, loss: 62.5520, iou: 0.2504, iou_sample: 0.2669, card_penalty: 8.4549, Time: 7.5781
Epoch 22. lr: 0.00008
Split: train, Epoch [22/25], Step [0/123], Losses: ingr_loss: 0.0469, eos_loss: 1.4610, loss: 57.8243, iou: 0.2478, card_penalty: 9.4369, Time: 1.7988
Split: train, Epoch [22/25], Step [10/123], Losses: ingr_loss: 0.0478, eos_loss: 1.4684, loss: 58.6209, iou: 0.2360, card_penalty: 9.3892, Time: 9.8817
Split: train, Epoch [22/25], Step [20/123], Losses: ingr_loss: 0.0473, eos_loss: 1.4724, loss: 58.1483, iou: 0.2495, card_penalty: 9.3810, Time: 9.4405
Split: train, Epoch [22/25], Step [30/123], Losses: ingr_loss: 0.0475, eos_loss: 1.4608, loss: 58.4119, iou: 0.2493, card_penalty: 9.4570, Time: 9.2916
Split: train, Epoch [22/25], Step [40/123], Losses: ingr_loss: 0.0476, eos_loss: 1.4662, loss: 58.4761, iou: 0.2471, card_penalty: 9.4124, Time: 9.4887
Split: train, Epoch [22/25], Step [50/123], Losses: ingr_loss: 0.0480, eos_loss: 1.4621, loss: 58.9338, iou: 0.2461, card_penalty: 9.4966, Time: 9.3581
Split: train, Epoch [22/25], Step [60/123], Losses: ingr_loss: 0.0469, eos_loss: 1.4715, loss: 57.6188, iou: 0.2394, card_penalty: 9.2513, Time: 9.1690
Split: train, Epoch [22/25], Step [70/123], Losses: ingr_loss: 0.0469, eos_loss: 1.4565, loss: 57.7185, iou: 0.2547, card_penalty: 9.3464, Time: 9.4143
Split: train, Epoch [22/25], Step [80/123], Losses: ingr_loss: 0.0471, eos_loss: 1.4655, loss: 57.9184, iou: 0.2473, card_penalty: 9.3711, Time: 9.3975
Split: train, Epoch [22/25], Step [90/123], Losses: ingr_loss: 0.0471, eos_loss: 1.4618, loss: 57.9116, iou: 0.2444, card_penalty: 9.3640, Time: 9.3287
Split: train, Epoch [22/25], Step [100/123], Losses: ingr_loss: 0.0472, eos_loss: 1.4481, loss: 58.0410, iou: 0.2472, card_penalty: 9.3507, Time: 9.1805
Split: train, Epoch [22/25], Step [110/123], Losses: ingr_loss: 0.0470, eos_loss: 1.4685, loss: 57.7396, iou: 0.2370, card_penalty: 9.3025, Time: 9.3386
Split: train, Epoch [22/25], Step [120/123], Losses: ingr_loss: 0.0472, eos_loss: 1.4738, loss: 57.9588, iou: 0.2488, card_penalty: 9.3262, Time: 9.4118
Split: val, Epoch [22/25], Step [0/14], Losses: ingr_loss: 0.0502, eos_loss: 1.1807, loss: 59.5468, iou: 0.2576, iou_sample: 0.2692, card_penalty: 8.1708, Time: 1.1840
Split: val, Epoch [22/25], Step [10/14], Losses: ingr_loss: 0.0528, eos_loss: 1.1785, loss: 62.4755, iou: 0.2491, iou_sample: 0.2674, card_penalty: 8.4477, Time: 7.3039
Epoch 23. lr: 0.00008
Split: train, Epoch [23/25], Step [0/123], Losses: ingr_loss: 0.0457, eos_loss: 1.4509, loss: 56.4796, iou: 0.2637, card_penalty: 9.3577, Time: 1.7960
Split: train, Epoch [23/25], Step [10/123], Losses: ingr_loss: 0.0469, eos_loss: 1.4510, loss: 57.6654, iou: 0.2468, card_penalty: 9.3346, Time: 9.6759
Split: train, Epoch [23/25], Step [20/123], Losses: ingr_loss: 0.0462, eos_loss: 1.4625, loss: 56.9176, iou: 0.2495, card_penalty: 9.2108, Time: 9.5254
Split: train, Epoch [23/25], Step [30/123], Losses: ingr_loss: 0.0479, eos_loss: 1.4614, loss: 58.8472, iou: 0.2416, card_penalty: 9.4567, Time: 9.2681
Split: train, Epoch [23/25], Step [40/123], Losses: ingr_loss: 0.0478, eos_loss: 1.4563, loss: 58.6770, iou: 0.2411, card_penalty: 9.4384, Time: 9.5122
Split: train, Epoch [23/25], Step [50/123], Losses: ingr_loss: 0.0467, eos_loss: 1.4667, loss: 57.4544, iou: 0.2449, card_penalty: 9.2819, Time: 9.5922
Split: train, Epoch [23/25], Step [60/123], Losses: ingr_loss: 0.0481, eos_loss: 1.4509, loss: 59.0776, iou: 0.2468, card_penalty: 9.5247, Time: 9.4968
Split: train, Epoch [23/25], Step [70/123], Losses: ingr_loss: 0.0470, eos_loss: 1.4561, loss: 57.7038, iou: 0.2476, card_penalty: 9.2631, Time: 9.3005
Split: train, Epoch [23/25], Step [80/123], Losses: ingr_loss: 0.0473, eos_loss: 1.4529, loss: 58.1517, iou: 0.2489, card_penalty: 9.4014, Time: 9.4924
Split: train, Epoch [23/25], Step [90/123], Losses: ingr_loss: 0.0471, eos_loss: 1.4637, loss: 57.9277, iou: 0.2509, card_penalty: 9.3429, Time: 9.1144
Split: train, Epoch [23/25], Step [100/123], Losses: ingr_loss: 0.0482, eos_loss: 1.4527, loss: 59.1411, iou: 0.2446, card_penalty: 9.4962, Time: 9.3751
Split: train, Epoch [23/25], Step [110/123], Losses: ingr_loss: 0.0473, eos_loss: 1.4576, loss: 58.1751, iou: 0.2454, card_penalty: 9.4221, Time: 9.1733
Split: train, Epoch [23/25], Step [120/123], Losses: ingr_loss: 0.0467, eos_loss: 1.4644, loss: 57.4773, iou: 0.2481, card_penalty: 9.2639, Time: 9.3134
Split: val, Epoch [23/25], Step [0/14], Losses: ingr_loss: 0.0504, eos_loss: 1.1787, loss: 59.7820, iou: 0.2540, iou_sample: 0.2702, card_penalty: 8.1890, Time: 1.2511
Split: val, Epoch [23/25], Step [10/14], Losses: ingr_loss: 0.0528, eos_loss: 1.1780, loss: 62.4303, iou: 0.2502, iou_sample: 0.2675, card_penalty: 8.4550, Time: 7.2895
Saved checkpoint.
Epoch 24. lr: 0.00008
Split: train, Epoch [24/25], Step [0/123], Losses: ingr_loss: 0.0484, eos_loss: 1.4270, loss: 59.5272, iou: 0.2556, card_penalty: 9.6593, Time: 1.8177
Split: train, Epoch [24/25], Step [10/123], Losses: ingr_loss: 0.0471, eos_loss: 1.4530, loss: 57.8847, iou: 0.2519, card_penalty: 9.3737, Time: 9.6647
Split: train, Epoch [24/25], Step [20/123], Losses: ingr_loss: 0.0478, eos_loss: 1.4464, loss: 58.6824, iou: 0.2416, card_penalty: 9.4459, Time: 9.4537
Split: train, Epoch [24/25], Step [30/123], Losses: ingr_loss: 0.0479, eos_loss: 1.4680, loss: 58.8900, iou: 0.2504, card_penalty: 9.4908, Time: 9.3895
Split: train, Epoch [24/25], Step [40/123], Losses: ingr_loss: 0.0473, eos_loss: 1.4554, loss: 58.1882, iou: 0.2405, card_penalty: 9.3834, Time: 9.5131
Split: train, Epoch [24/25], Step [50/123], Losses: ingr_loss: 0.0476, eos_loss: 1.4513, loss: 58.4402, iou: 0.2471, card_penalty: 9.4224, Time: 9.4856
Split: train, Epoch [24/25], Step [60/123], Losses: ingr_loss: 0.0476, eos_loss: 1.4702, loss: 58.4551, iou: 0.2491, card_penalty: 9.4243, Time: 9.2518
Split: train, Epoch [24/25], Step [70/123], Losses: ingr_loss: 0.0464, eos_loss: 1.4730, loss: 57.0578, iou: 0.2460, card_penalty: 9.2025, Time: 9.5328
Split: train, Epoch [24/25], Step [80/123], Losses: ingr_loss: 0.0469, eos_loss: 1.4676, loss: 57.5387, iou: 0.2430, card_penalty: 9.2121, Time: 9.5726
Split: train, Epoch [24/25], Step [90/123], Losses: ingr_loss: 0.0467, eos_loss: 1.4603, loss: 57.4637, iou: 0.2476, card_penalty: 9.2971, Time: 9.2509
Split: train, Epoch [24/25], Step [100/123], Losses: ingr_loss: 0.0475, eos_loss: 1.4666, loss: 58.4906, iou: 0.2527, card_penalty: 9.4795, Time: 9.2392
Split: train, Epoch [24/25], Step [110/123], Losses: ingr_loss: 0.0468, eos_loss: 1.4711, loss: 57.5445, iou: 0.2453, card_penalty: 9.2647, Time: 9.4143
Split: train, Epoch [24/25], Step [120/123], Losses: ingr_loss: 0.0467, eos_loss: 1.4563, loss: 57.4949, iou: 0.2476, card_penalty: 9.2892, Time: 9.1460
Split: val, Epoch [24/25], Step [0/14], Losses: ingr_loss: 0.0503, eos_loss: 1.1816, loss: 59.6717, iou: 0.2559, iou_sample: 0.2701, card_penalty: 8.1813, Time: 1.2257
Split: val, Epoch [24/25], Step [10/14], Losses: ingr_loss: 0.0527, eos_loss: 1.1822, loss: 62.3725, iou: 0.2502, iou_sample: 0.2676, card_penalty: 8.4499, Time: 7.4703
